INFO - logger.py - 2024-09-23 18:07:06,413 - ('Dumping YAML file',)
INFO - logger.py - 2024-09-23 18:07:06,414 - ('Configs: ', "action_dim: 4\nbatch_size: 64\nbeta1: 0.9\nconfig: ../configs/training_default.yaml\ncontact: 1.0\ncontinuation: false\ncuda: true\ndataset: ../dataset/small_real_data/\ndataset_params:\n  action_dim: 4\n  force_name: force\ndepth: 1.0\ndeterministic: false\ndev: false\needelta: 1.0\nencoder: false\nep_length: 50\nforce: 1.0\nimg_record_n: 500\nload: ''\nlog_level: INFO\nlogging_folder: logging/202409231807_\nlr: 0.0001\nmax_epoch: 50\nnotes: ''\nnum_workers: 8\nopticalflow: 1.0\npairing: 1.0\nproprio: 1.0\nsceneflow: 1.0\nseed: 1234\ntau: 1.0\ntest: false\ntraining_type: selfsupervised\nval_ratio: 0.2\nvision: 1.0\nzdim: 128\n")
INFO - logger.py - 2024-09-23 18:07:08,555 - ("Let's use", 1, 'GPUs!')
INFO - logger.py - 2024-09-23 18:07:10,526 - ('Number of files in multifile dataset = 3000',)
INFO - logger.py - 2024-09-23 18:07:10,529 - ('Initial finished',)
INFO - logger.py - 2024-09-23 18:07:10,530 - ('Listing finished',)
INFO - logger.py - 2024-09-23 18:07:10,530 - ('Sampler finished',)
INFO - logger.py - 2024-09-23 19:44:36,527 - ('Dataset finished',)
INFO - logger.py - 2024-09-23 19:44:36,537 - ('Finished setting up date',)
INFO - logger.py - 2024-09-23 19:44:36,538 - ('Training epoch #0...',)
INFO - logger.py - 2024-09-23 19:44:43,088 - ('processed 0 mini-batches...',)
INFO - logger.py - 2024-09-23 19:46:15,526 - ('processed 500 mini-batches...',)
INFO - logger.py - 2024-09-23 19:47:46,392 - ('processed 1000 mini-batches...',)
INFO - logger.py - 2024-09-23 19:49:22,158 - ('processed 1500 mini-batches...',)
INFO - logger.py - 2024-09-23 19:50:19,590 - ('calculating validation results after #0 epochs',)
INFO - logger.py - 2024-09-23 19:51:37,095 - ('checkpoint path: ', 'logging/202409231807_/models/weights_itr_0.ckpt')
INFO - logger.py - 2024-09-23 19:51:37,096 - ('Saving checkpoint after epoch #0',)
INFO - logger.py - 2024-09-23 19:51:37,143 - ('Training epoch #1...',)
INFO - logger.py - 2024-09-23 19:52:06,893 - ('processed 2000 mini-batches...',)
INFO - logger.py - 2024-09-23 19:53:33,062 - ('processed 2500 mini-batches...',)
INFO - logger.py - 2024-09-23 19:54:58,684 - ('processed 3000 mini-batches...',)
INFO - logger.py - 2024-09-23 19:56:23,946 - ('processed 3500 mini-batches...',)
INFO - logger.py - 2024-09-23 19:56:53,273 - ('calculating validation results after #1 epochs',)
INFO - logger.py - 2024-09-23 19:58:20,129 - ('checkpoint path: ', 'logging/202409231807_/models/weights_itr_1.ckpt')
INFO - logger.py - 2024-09-23 19:58:20,129 - ('Saving checkpoint after epoch #1',)
INFO - logger.py - 2024-09-23 19:58:20,171 - ('Training epoch #2...',)
INFO - logger.py - 2024-09-23 19:59:21,000 - ('processed 4000 mini-batches...',)
INFO - logger.py - 2024-09-23 20:00:57,867 - ('processed 4500 mini-batches...',)
INFO - logger.py - 2024-09-23 20:02:32,389 - ('processed 5000 mini-batches...',)
INFO - logger.py - 2024-09-23 20:04:07,744 - ('processed 5500 mini-batches...',)
INFO - logger.py - 2024-09-23 20:04:09,245 - ('calculating validation results after #2 epochs',)
INFO - logger.py - 2024-09-23 20:05:35,715 - ('checkpoint path: ', 'logging/202409231807_/models/weights_itr_2.ckpt')
INFO - logger.py - 2024-09-23 20:05:35,716 - ('Saving checkpoint after epoch #2',)
INFO - logger.py - 2024-09-23 20:05:35,761 - ('Training epoch #3...',)
INFO - logger.py - 2024-09-23 20:07:11,182 - ('processed 6000 mini-batches...',)
INFO - logger.py - 2024-09-23 20:08:46,934 - ('processed 6500 mini-batches...',)
INFO - logger.py - 2024-09-23 20:10:21,179 - ('processed 7000 mini-batches...',)
INFO - logger.py - 2024-09-23 20:11:26,299 - ('calculating validation results after #3 epochs',)
INFO - logger.py - 2024-09-23 20:12:51,760 - ('checkpoint path: ', 'logging/202409231807_/models/weights_itr_3.ckpt')
INFO - logger.py - 2024-09-23 20:12:51,761 - ('Saving checkpoint after epoch #3',)
INFO - logger.py - 2024-09-23 20:12:51,806 - ('Training epoch #4...',)
INFO - logger.py - 2024-09-23 20:13:23,254 - ('processed 7500 mini-batches...',)
INFO - logger.py - 2024-09-23 20:14:58,167 - ('processed 8000 mini-batches...',)
INFO - logger.py - 2024-09-23 20:16:37,799 - ('processed 8500 mini-batches...',)
INFO - logger.py - 2024-09-23 20:18:14,515 - ('processed 9000 mini-batches...',)
INFO - logger.py - 2024-09-23 20:18:50,808 - ('calculating validation results after #4 epochs',)
INFO - logger.py - 2024-09-23 20:20:20,396 - ('checkpoint path: ', 'logging/202409231807_/models/weights_itr_4.ckpt')
INFO - logger.py - 2024-09-23 20:20:20,397 - ('Saving checkpoint after epoch #4',)
INFO - logger.py - 2024-09-23 20:20:20,443 - ('Training epoch #5...',)
INFO - logger.py - 2024-09-23 20:21:23,462 - ('processed 9500 mini-batches...',)
INFO - logger.py - 2024-09-23 20:22:59,926 - ('processed 10000 mini-batches...',)
INFO - logger.py - 2024-09-23 20:24:36,651 - ('processed 10500 mini-batches...',)
INFO - logger.py - 2024-09-23 20:26:13,171 - ('processed 11000 mini-batches...',)
INFO - logger.py - 2024-09-23 20:26:16,909 - ('calculating validation results after #5 epochs',)
INFO - logger.py - 2024-09-23 20:27:50,282 - ('checkpoint path: ', 'logging/202409231807_/models/weights_itr_5.ckpt')
INFO - logger.py - 2024-09-23 20:27:50,283 - ('Saving checkpoint after epoch #5',)
INFO - logger.py - 2024-09-23 20:27:50,324 - ('Training epoch #6...',)
INFO - logger.py - 2024-09-23 20:29:37,740 - ('processed 11500 mini-batches...',)
INFO - logger.py - 2024-09-23 20:31:27,499 - ('processed 12000 mini-batches...',)
INFO - logger.py - 2024-09-23 20:32:58,647 - ('processed 12500 mini-batches...',)
INFO - logger.py - 2024-09-23 20:34:10,799 - ('calculating validation results after #6 epochs',)
INFO - logger.py - 2024-09-23 20:35:38,445 - ('checkpoint path: ', 'logging/202409231807_/models/weights_itr_6.ckpt')
INFO - logger.py - 2024-09-23 20:35:38,446 - ('Saving checkpoint after epoch #6',)
INFO - logger.py - 2024-09-23 20:35:38,501 - ('Training epoch #7...',)
INFO - logger.py - 2024-09-23 20:36:08,202 - ('processed 13000 mini-batches...',)
INFO - logger.py - 2024-09-23 20:37:45,509 - ('processed 13500 mini-batches...',)
INFO - logger.py - 2024-09-23 20:39:22,190 - ('processed 14000 mini-batches...',)
INFO - logger.py - 2024-09-23 20:40:59,948 - ('processed 14500 mini-batches...',)
INFO - logger.py - 2024-09-23 20:41:36,340 - ('calculating validation results after #7 epochs',)
INFO - logger.py - 2024-09-23 20:43:03,681 - ('checkpoint path: ', 'logging/202409231807_/models/weights_itr_7.ckpt')
INFO - logger.py - 2024-09-23 20:43:03,682 - ('Saving checkpoint after epoch #7',)
INFO - logger.py - 2024-09-23 20:43:03,727 - ('Training epoch #8...',)
INFO - logger.py - 2024-09-23 20:44:04,176 - ('processed 15000 mini-batches...',)
INFO - logger.py - 2024-09-23 20:45:39,274 - ('processed 15500 mini-batches...',)
INFO - logger.py - 2024-09-23 20:47:19,321 - ('processed 16000 mini-batches...',)
INFO - logger.py - 2024-09-23 20:48:56,151 - ('processed 16500 mini-batches...',)
INFO - logger.py - 2024-09-23 20:49:01,910 - ('calculating validation results after #8 epochs',)
INFO - logger.py - 2024-09-23 20:50:30,809 - ('checkpoint path: ', 'logging/202409231807_/models/weights_itr_8.ckpt')
INFO - logger.py - 2024-09-23 20:50:30,809 - ('Saving checkpoint after epoch #8',)
INFO - logger.py - 2024-09-23 20:50:30,871 - ('Training epoch #9...',)
INFO - logger.py - 2024-09-23 20:52:05,077 - ('processed 17000 mini-batches...',)
INFO - logger.py - 2024-09-23 20:53:44,006 - ('processed 17500 mini-batches...',)
INFO - logger.py - 2024-09-23 20:55:21,284 - ('processed 18000 mini-batches...',)
INFO - logger.py - 2024-09-23 20:56:32,487 - ('calculating validation results after #9 epochs',)
INFO - logger.py - 2024-09-23 20:58:01,626 - ('checkpoint path: ', 'logging/202409231807_/models/weights_itr_9.ckpt')
INFO - logger.py - 2024-09-23 20:58:01,626 - ('Saving checkpoint after epoch #9',)
INFO - logger.py - 2024-09-23 20:58:01,671 - ('Training epoch #10...',)
INFO - logger.py - 2024-09-23 20:58:28,522 - ('processed 18500 mini-batches...',)
INFO - logger.py - 2024-09-23 21:00:05,435 - ('processed 19000 mini-batches...',)
INFO - logger.py - 2024-09-23 21:01:47,790 - ('processed 19500 mini-batches...',)
INFO - logger.py - 2024-09-23 21:03:28,275 - ('processed 20000 mini-batches...',)
INFO - logger.py - 2024-09-23 21:04:09,578 - ('calculating validation results after #10 epochs',)
