INFO - logger.py - 2024-09-23 00:23:00,533 - ('Dumping YAML file',)
INFO - logger.py - 2024-09-23 00:23:00,534 - ('Configs: ', "action_dim: 4\nbatch_size: 64\nbeta1: 0.9\nconfig: ../configs/training_default.yaml\ncontact: 1.0\ncontinuation: false\ncuda: true\ndataset: ../dataset/small_real_data/\ndataset_params:\n  action_dim: 4\n  force_name: force\ndepth: 1.0\ndeterministic: false\ndev: false\needelta: 1.0\nencoder: false\nep_length: 50\nforce: 1.0\nimg_record_n: 500\nload: ''\nlog_level: INFO\nlogging_folder: logging/202409230023_\nlr: 0.0001\nmax_epoch: 50\nnotes: ''\nnum_workers: 8\nopticalflow: 1.0\npairing: 1.0\nproprio: 1.0\nsceneflow: 1.0\nseed: 1234\ntau: 1.0\ntest: false\ntraining_type: selfsupervised\nval_ratio: 0.2\nvision: 1.0\nzdim: 128\n")
INFO - logger.py - 2024-09-23 00:23:01,934 - ("Let's use", 1, 'GPUs!')
INFO - logger.py - 2024-09-23 00:23:03,448 - ('Number of files in multifile dataset = 3000',)
INFO - logger.py - 2024-09-23 00:23:03,473 - ('Initial finished',)
INFO - logger.py - 2024-09-23 00:23:03,478 - ('Listing finished',)
INFO - logger.py - 2024-09-23 00:23:03,478 - ('Sampler finished',)
INFO - logger.py - 2024-09-23 00:37:22,084 - ('Dataset finished',)
INFO - logger.py - 2024-09-23 00:37:22,085 - ('Finished setting up date',)
INFO - logger.py - 2024-09-23 00:37:22,086 - ('Training epoch #0...',)
INFO - logger.py - 2024-09-23 00:37:27,490 - ('processed 0 mini-batches...',)
INFO - logger.py - 2024-09-23 00:38:45,727 - ('processed 500 mini-batches...',)
INFO - logger.py - 2024-09-23 00:40:05,248 - ('processed 1000 mini-batches...',)
INFO - logger.py - 2024-09-23 00:41:26,360 - ('processed 1500 mini-batches...',)
INFO - logger.py - 2024-09-23 00:42:19,865 - ('calculating validation results after #0 epochs',)
INFO - logger.py - 2024-09-23 00:43:33,083 - ('checkpoint path: ', 'logging/202409230023_/models/weights_itr_0.ckpt')
INFO - logger.py - 2024-09-23 00:43:33,083 - ('Saving checkpoint after epoch #0',)
INFO - logger.py - 2024-09-23 00:43:33,124 - ('Training epoch #1...',)
INFO - logger.py - 2024-09-23 00:44:01,279 - ('processed 2000 mini-batches...',)
INFO - logger.py - 2024-09-23 00:45:21,776 - ('processed 2500 mini-batches...',)
INFO - logger.py - 2024-09-23 00:46:42,637 - ('processed 3000 mini-batches...',)
INFO - logger.py - 2024-09-23 00:48:05,098 - ('processed 3500 mini-batches...',)
INFO - logger.py - 2024-09-23 00:48:32,824 - ('calculating validation results after #1 epochs',)
INFO - logger.py - 2024-09-23 00:49:46,817 - ('checkpoint path: ', 'logging/202409230023_/models/weights_itr_1.ckpt')
INFO - logger.py - 2024-09-23 00:49:46,818 - ('Saving checkpoint after epoch #1',)
INFO - logger.py - 2024-09-23 00:49:46,860 - ('Training epoch #2...',)
INFO - logger.py - 2024-09-23 00:50:41,536 - ('processed 4000 mini-batches...',)
INFO - logger.py - 2024-09-23 00:52:04,789 - ('processed 4500 mini-batches...',)
INFO - logger.py - 2024-09-23 00:53:25,442 - ('processed 5000 mini-batches...',)
INFO - logger.py - 2024-09-23 00:54:46,432 - ('processed 5500 mini-batches...',)
INFO - logger.py - 2024-09-23 00:54:47,879 - ('calculating validation results after #2 epochs',)
INFO - logger.py - 2024-09-23 00:56:01,599 - ('checkpoint path: ', 'logging/202409230023_/models/weights_itr_2.ckpt')
INFO - logger.py - 2024-09-23 00:56:01,599 - ('Saving checkpoint after epoch #2',)
INFO - logger.py - 2024-09-23 00:56:01,645 - ('Training epoch #3...',)
INFO - logger.py - 2024-09-23 00:57:22,429 - ('processed 6000 mini-batches...',)
INFO - logger.py - 2024-09-23 00:58:42,826 - ('processed 6500 mini-batches...',)
INFO - logger.py - 2024-09-23 01:00:03,644 - ('processed 7000 mini-batches...',)
INFO - logger.py - 2024-09-23 01:01:02,216 - ('calculating validation results after #3 epochs',)
INFO - logger.py - 2024-09-23 01:02:18,769 - ('checkpoint path: ', 'logging/202409230023_/models/weights_itr_3.ckpt')
INFO - logger.py - 2024-09-23 01:02:18,770 - ('Saving checkpoint after epoch #3',)
INFO - logger.py - 2024-09-23 01:02:18,811 - ('Training epoch #4...',)
INFO - logger.py - 2024-09-23 01:02:47,222 - ('processed 7500 mini-batches...',)
INFO - logger.py - 2024-09-23 01:04:10,696 - ('processed 8000 mini-batches...',)
INFO - logger.py - 2024-09-23 01:05:33,715 - ('processed 8500 mini-batches...',)
INFO - logger.py - 2024-09-23 01:06:58,554 - ('processed 9000 mini-batches...',)
INFO - logger.py - 2024-09-23 01:07:28,408 - ('calculating validation results after #4 epochs',)
INFO - logger.py - 2024-09-23 01:08:42,889 - ('checkpoint path: ', 'logging/202409230023_/models/weights_itr_4.ckpt')
INFO - logger.py - 2024-09-23 01:08:42,889 - ('Saving checkpoint after epoch #4',)
INFO - logger.py - 2024-09-23 01:08:42,930 - ('Training epoch #5...',)
INFO - logger.py - 2024-09-23 01:09:36,001 - ('processed 9500 mini-batches...',)
INFO - logger.py - 2024-09-23 01:10:57,220 - ('processed 10000 mini-batches...',)
INFO - logger.py - 2024-09-23 01:12:18,639 - ('processed 10500 mini-batches...',)
INFO - logger.py - 2024-09-23 01:13:40,510 - ('processed 11000 mini-batches...',)
INFO - logger.py - 2024-09-23 01:13:43,879 - ('calculating validation results after #5 epochs',)
INFO - logger.py - 2024-09-23 01:14:58,595 - ('checkpoint path: ', 'logging/202409230023_/models/weights_itr_5.ckpt')
INFO - logger.py - 2024-09-23 01:14:58,596 - ('Saving checkpoint after epoch #5',)
INFO - logger.py - 2024-09-23 01:14:58,637 - ('Training epoch #6...',)
INFO - logger.py - 2024-09-23 01:16:19,068 - ('processed 11500 mini-batches...',)
INFO - logger.py - 2024-09-23 01:17:40,926 - ('processed 12000 mini-batches...',)
INFO - logger.py - 2024-09-23 01:19:02,478 - ('processed 12500 mini-batches...',)
INFO - logger.py - 2024-09-23 01:20:00,846 - ('calculating validation results after #6 epochs',)
INFO - logger.py - 2024-09-23 01:21:15,988 - ('checkpoint path: ', 'logging/202409230023_/models/weights_itr_6.ckpt')
INFO - logger.py - 2024-09-23 01:21:16,013 - ('Saving checkpoint after epoch #6',)
INFO - logger.py - 2024-09-23 01:21:17,787 - ('Training epoch #7...',)
INFO - logger.py - 2024-09-23 01:21:43,212 - ('processed 13000 mini-batches...',)
INFO - logger.py - 2024-09-23 01:23:05,099 - ('processed 13500 mini-batches...',)
INFO - logger.py - 2024-09-23 01:24:26,426 - ('processed 14000 mini-batches...',)
INFO - logger.py - 2024-09-23 01:25:49,886 - ('processed 14500 mini-batches...',)
INFO - logger.py - 2024-09-23 01:26:22,871 - ('calculating validation results after #7 epochs',)
INFO - logger.py - 2024-09-23 01:27:39,299 - ('checkpoint path: ', 'logging/202409230023_/models/weights_itr_7.ckpt')
INFO - logger.py - 2024-09-23 01:27:39,299 - ('Saving checkpoint after epoch #7',)
INFO - logger.py - 2024-09-23 01:27:39,340 - ('Training epoch #8...',)
INFO - logger.py - 2024-09-23 01:28:31,786 - ('processed 15000 mini-batches...',)
INFO - logger.py - 2024-09-23 01:29:50,989 - ('processed 15500 mini-batches...',)
INFO - logger.py - 2024-09-23 01:31:08,437 - ('processed 16000 mini-batches...',)
INFO - logger.py - 2024-09-23 01:32:26,189 - ('processed 16500 mini-batches...',)
INFO - logger.py - 2024-09-23 01:32:31,166 - ('calculating validation results after #8 epochs',)
INFO - logger.py - 2024-09-23 01:33:43,283 - ('checkpoint path: ', 'logging/202409230023_/models/weights_itr_8.ckpt')
INFO - logger.py - 2024-09-23 01:33:43,283 - ('Saving checkpoint after epoch #8',)
INFO - logger.py - 2024-09-23 01:33:43,323 - ('Training epoch #9...',)
INFO - logger.py - 2024-09-23 01:34:58,521 - ('processed 17000 mini-batches...',)
INFO - logger.py - 2024-09-23 01:36:17,071 - ('processed 17500 mini-batches...',)
INFO - logger.py - 2024-09-23 01:37:36,766 - ('processed 18000 mini-batches...',)
INFO - logger.py - 2024-09-23 01:38:34,348 - ('calculating validation results after #9 epochs',)
INFO - logger.py - 2024-09-23 01:39:44,794 - ('checkpoint path: ', 'logging/202409230023_/models/weights_itr_9.ckpt')
INFO - logger.py - 2024-09-23 01:39:44,794 - ('Saving checkpoint after epoch #9',)
INFO - logger.py - 2024-09-23 01:39:44,834 - ('Training epoch #10...',)
INFO - logger.py - 2024-09-23 01:40:06,910 - ('processed 18500 mini-batches...',)
INFO - logger.py - 2024-09-23 01:41:25,634 - ('processed 19000 mini-batches...',)
INFO - logger.py - 2024-09-23 01:42:50,237 - ('processed 19500 mini-batches...',)
INFO - logger.py - 2024-09-23 01:44:08,566 - ('processed 20000 mini-batches...',)
INFO - logger.py - 2024-09-23 01:44:40,767 - ('calculating validation results after #10 epochs',)
INFO - logger.py - 2024-09-23 01:45:52,559 - ('checkpoint path: ', 'logging/202409230023_/models/weights_itr_10.ckpt')
INFO - logger.py - 2024-09-23 01:45:52,560 - ('Saving checkpoint after epoch #10',)
INFO - logger.py - 2024-09-23 01:45:52,600 - ('Training epoch #11...',)
INFO - logger.py - 2024-09-23 01:46:40,089 - ('processed 20500 mini-batches...',)
INFO - logger.py - 2024-09-23 01:47:58,107 - ('processed 21000 mini-batches...',)
INFO - logger.py - 2024-09-23 01:49:16,203 - ('processed 21500 mini-batches...',)
INFO - logger.py - 2024-09-23 01:50:33,919 - ('processed 22000 mini-batches...',)
INFO - logger.py - 2024-09-23 01:50:40,747 - ('calculating validation results after #11 epochs',)
INFO - logger.py - 2024-09-23 01:51:53,889 - ('checkpoint path: ', 'logging/202409230023_/models/weights_itr_11.ckpt')
INFO - logger.py - 2024-09-23 01:51:53,889 - ('Saving checkpoint after epoch #11',)
INFO - logger.py - 2024-09-23 01:51:53,927 - ('Training epoch #12...',)
INFO - logger.py - 2024-09-23 01:53:07,541 - ('processed 22500 mini-batches...',)
INFO - logger.py - 2024-09-23 01:54:25,837 - ('processed 23000 mini-batches...',)
INFO - logger.py - 2024-09-23 01:55:44,077 - ('processed 23500 mini-batches...',)
INFO - logger.py - 2024-09-23 01:56:43,457 - ('calculating validation results after #12 epochs',)
INFO - logger.py - 2024-09-23 01:57:54,618 - ('checkpoint path: ', 'logging/202409230023_/models/weights_itr_12.ckpt')
INFO - logger.py - 2024-09-23 01:57:54,619 - ('Saving checkpoint after epoch #12',)
INFO - logger.py - 2024-09-23 01:57:54,661 - ('Training epoch #13...',)
INFO - logger.py - 2024-09-23 01:58:15,358 - ('processed 24000 mini-batches...',)
INFO - logger.py - 2024-09-23 01:59:34,254 - ('processed 24500 mini-batches...',)
INFO - logger.py - 2024-09-23 02:00:52,958 - ('processed 25000 mini-batches...',)
INFO - logger.py - 2024-09-23 02:02:12,174 - ('processed 25500 mini-batches...',)
INFO - logger.py - 2024-09-23 02:02:46,551 - ('calculating validation results after #13 epochs',)
INFO - logger.py - 2024-09-23 02:03:57,676 - ('checkpoint path: ', 'logging/202409230023_/models/weights_itr_13.ckpt')
INFO - logger.py - 2024-09-23 02:03:57,677 - ('Saving checkpoint after epoch #13',)
INFO - logger.py - 2024-09-23 02:03:57,715 - ('Training epoch #14...',)
INFO - logger.py - 2024-09-23 02:04:43,709 - ('processed 26000 mini-batches...',)
INFO - logger.py - 2024-09-23 02:06:01,964 - ('processed 26500 mini-batches...',)
INFO - logger.py - 2024-09-23 02:07:21,640 - ('processed 27000 mini-batches...',)
INFO - logger.py - 2024-09-23 02:08:39,498 - ('processed 27500 mini-batches...',)
INFO - logger.py - 2024-09-23 02:08:47,817 - ('calculating validation results after #14 epochs',)
INFO - logger.py - 2024-09-23 02:09:58,708 - ('checkpoint path: ', 'logging/202409230023_/models/weights_itr_14.ckpt')
INFO - logger.py - 2024-09-23 02:09:58,708 - ('Saving checkpoint after epoch #14',)
INFO - logger.py - 2024-09-23 02:09:58,748 - ('Training epoch #15...',)
INFO - logger.py - 2024-09-23 02:11:10,142 - ('processed 28000 mini-batches...',)
INFO - logger.py - 2024-09-23 02:12:27,785 - ('processed 28500 mini-batches...',)
INFO - logger.py - 2024-09-23 02:13:45,300 - ('processed 29000 mini-batches...',)
INFO - logger.py - 2024-09-23 02:14:45,649 - ('calculating validation results after #15 epochs',)
INFO - logger.py - 2024-09-23 02:15:56,738 - ('checkpoint path: ', 'logging/202409230023_/models/weights_itr_15.ckpt')
INFO - logger.py - 2024-09-23 02:15:56,739 - ('Saving checkpoint after epoch #15',)
INFO - logger.py - 2024-09-23 02:15:56,776 - ('Training epoch #16...',)
INFO - logger.py - 2024-09-23 02:16:15,574 - ('processed 29500 mini-batches...',)
INFO - logger.py - 2024-09-23 02:17:33,788 - ('processed 30000 mini-batches...',)
INFO - logger.py - 2024-09-23 02:18:51,577 - ('processed 30500 mini-batches...',)
INFO - logger.py - 2024-09-23 02:20:09,414 - ('processed 31000 mini-batches...',)
INFO - logger.py - 2024-09-23 02:20:44,807 - ('calculating validation results after #16 epochs',)
INFO - logger.py - 2024-09-23 02:21:58,377 - ('checkpoint path: ', 'logging/202409230023_/models/weights_itr_16.ckpt')
INFO - logger.py - 2024-09-23 02:21:58,378 - ('Saving checkpoint after epoch #16',)
INFO - logger.py - 2024-09-23 02:21:58,417 - ('Training epoch #17...',)
INFO - logger.py - 2024-09-23 02:22:41,921 - ('processed 31500 mini-batches...',)
INFO - logger.py - 2024-09-23 02:23:59,086 - ('processed 32000 mini-batches...',)
INFO - logger.py - 2024-09-23 02:25:16,569 - ('processed 32500 mini-batches...',)
INFO - logger.py - 2024-09-23 02:26:33,743 - ('processed 33000 mini-batches...',)
INFO - logger.py - 2024-09-23 02:26:43,736 - ('calculating validation results after #17 epochs',)
INFO - logger.py - 2024-09-23 02:27:54,932 - ('checkpoint path: ', 'logging/202409230023_/models/weights_itr_17.ckpt')
INFO - logger.py - 2024-09-23 02:27:54,932 - ('Saving checkpoint after epoch #17',)
INFO - logger.py - 2024-09-23 02:27:54,971 - ('Training epoch #18...',)
INFO - logger.py - 2024-09-23 02:29:03,446 - ('processed 33500 mini-batches...',)
INFO - logger.py - 2024-09-23 02:30:20,322 - ('processed 34000 mini-batches...',)
INFO - logger.py - 2024-09-23 02:31:36,880 - ('processed 34500 mini-batches...',)
INFO - logger.py - 2024-09-23 02:32:38,407 - ('calculating validation results after #18 epochs',)
INFO - logger.py - 2024-09-23 02:33:49,598 - ('checkpoint path: ', 'logging/202409230023_/models/weights_itr_18.ckpt')
INFO - logger.py - 2024-09-23 02:33:49,599 - ('Saving checkpoint after epoch #18',)
INFO - logger.py - 2024-09-23 02:33:49,637 - ('Training epoch #19...',)
INFO - logger.py - 2024-09-23 02:34:06,446 - ('processed 35000 mini-batches...',)
INFO - logger.py - 2024-09-23 02:35:23,824 - ('processed 35500 mini-batches...',)
INFO - logger.py - 2024-09-23 02:36:40,577 - ('processed 36000 mini-batches...',)
INFO - logger.py - 2024-09-23 02:38:00,241 - ('processed 36500 mini-batches...',)
INFO - logger.py - 2024-09-23 02:38:37,091 - ('calculating validation results after #19 epochs',)
INFO - logger.py - 2024-09-23 02:39:48,116 - ('checkpoint path: ', 'logging/202409230023_/models/weights_itr_19.ckpt')
INFO - logger.py - 2024-09-23 02:39:48,117 - ('Saving checkpoint after epoch #19',)
INFO - logger.py - 2024-09-23 02:39:48,157 - ('Training epoch #20...',)
INFO - logger.py - 2024-09-23 02:40:30,249 - ('processed 37000 mini-batches...',)
INFO - logger.py - 2024-09-23 02:41:47,487 - ('processed 37500 mini-batches...',)
INFO - logger.py - 2024-09-23 02:43:04,723 - ('processed 38000 mini-batches...',)
INFO - logger.py - 2024-09-23 02:44:21,720 - ('processed 38500 mini-batches...',)
INFO - logger.py - 2024-09-23 02:44:33,356 - ('calculating validation results after #20 epochs',)
INFO - logger.py - 2024-09-23 02:45:44,350 - ('checkpoint path: ', 'logging/202409230023_/models/weights_itr_20.ckpt')
INFO - logger.py - 2024-09-23 02:45:44,350 - ('Saving checkpoint after epoch #20',)
INFO - logger.py - 2024-09-23 02:45:44,392 - ('Training epoch #21...',)
INFO - logger.py - 2024-09-23 02:46:51,407 - ('processed 39000 mini-batches...',)
INFO - logger.py - 2024-09-23 02:48:08,501 - ('processed 39500 mini-batches...',)
INFO - logger.py - 2024-09-23 02:49:25,162 - ('processed 40000 mini-batches...',)
INFO - logger.py - 2024-09-23 02:50:28,384 - ('calculating validation results after #21 epochs',)
INFO - logger.py - 2024-09-23 02:51:39,363 - ('checkpoint path: ', 'logging/202409230023_/models/weights_itr_21.ckpt')
INFO - logger.py - 2024-09-23 02:51:39,363 - ('Saving checkpoint after epoch #21',)
INFO - logger.py - 2024-09-23 02:51:39,404 - ('Training epoch #22...',)
INFO - logger.py - 2024-09-23 02:51:54,480 - ('processed 40500 mini-batches...',)
INFO - logger.py - 2024-09-23 02:53:14,424 - ('processed 41000 mini-batches...',)
INFO - logger.py - 2024-09-23 02:54:31,128 - ('processed 41500 mini-batches...',)
INFO - logger.py - 2024-09-23 02:55:47,666 - ('processed 42000 mini-batches...',)
INFO - logger.py - 2024-09-23 02:56:26,044 - ('calculating validation results after #22 epochs',)
INFO - logger.py - 2024-09-23 02:57:37,167 - ('checkpoint path: ', 'logging/202409230023_/models/weights_itr_22.ckpt')
INFO - logger.py - 2024-09-23 02:57:37,167 - ('Saving checkpoint after epoch #22',)
INFO - logger.py - 2024-09-23 02:57:37,206 - ('Training epoch #23...',)
INFO - logger.py - 2024-09-23 02:58:17,462 - ('processed 42500 mini-batches...',)
INFO - logger.py - 2024-09-23 02:59:34,397 - ('processed 43000 mini-batches...',)
INFO - logger.py - 2024-09-23 03:00:51,215 - ('processed 43500 mini-batches...',)
INFO - logger.py - 2024-09-23 03:02:08,196 - ('processed 44000 mini-batches...',)
INFO - logger.py - 2024-09-23 03:02:21,658 - ('calculating validation results after #23 epochs',)
INFO - logger.py - 2024-09-23 03:03:32,831 - ('checkpoint path: ', 'logging/202409230023_/models/weights_itr_23.ckpt')
INFO - logger.py - 2024-09-23 03:03:32,831 - ('Saving checkpoint after epoch #23',)
INFO - logger.py - 2024-09-23 03:03:32,872 - ('Training epoch #24...',)
INFO - logger.py - 2024-09-23 03:04:38,306 - ('processed 44500 mini-batches...',)
INFO - logger.py - 2024-09-23 03:05:55,817 - ('processed 45000 mini-batches...',)
INFO - logger.py - 2024-09-23 03:07:15,710 - ('processed 45500 mini-batches...',)
INFO - logger.py - 2024-09-23 03:08:21,096 - ('calculating validation results after #24 epochs',)
INFO - logger.py - 2024-09-23 03:09:32,042 - ('checkpoint path: ', 'logging/202409230023_/models/weights_itr_24.ckpt')
INFO - logger.py - 2024-09-23 03:09:32,042 - ('Saving checkpoint after epoch #24',)
INFO - logger.py - 2024-09-23 03:09:32,082 - ('Training epoch #25...',)
INFO - logger.py - 2024-09-23 03:09:45,399 - ('processed 46000 mini-batches...',)
INFO - logger.py - 2024-09-23 03:11:02,795 - ('processed 46500 mini-batches...',)
INFO - logger.py - 2024-09-23 03:12:20,153 - ('processed 47000 mini-batches...',)
INFO - logger.py - 2024-09-23 03:13:37,011 - ('processed 47500 mini-batches...',)
INFO - logger.py - 2024-09-23 03:14:17,240 - ('calculating validation results after #25 epochs',)
INFO - logger.py - 2024-09-23 03:15:28,536 - ('checkpoint path: ', 'logging/202409230023_/models/weights_itr_25.ckpt')
INFO - logger.py - 2024-09-23 03:15:28,537 - ('Saving checkpoint after epoch #25',)
INFO - logger.py - 2024-09-23 03:15:28,579 - ('Training epoch #26...',)
INFO - logger.py - 2024-09-23 03:16:07,133 - ('processed 48000 mini-batches...',)
INFO - logger.py - 2024-09-23 03:17:24,539 - ('processed 48500 mini-batches...',)
INFO - logger.py - 2024-09-23 03:18:41,669 - ('processed 49000 mini-batches...',)
INFO - logger.py - 2024-09-23 03:19:58,597 - ('processed 49500 mini-batches...',)
INFO - logger.py - 2024-09-23 03:20:13,733 - ('calculating validation results after #26 epochs',)
INFO - logger.py - 2024-09-23 03:21:24,806 - ('checkpoint path: ', 'logging/202409230023_/models/weights_itr_26.ckpt')
INFO - logger.py - 2024-09-23 03:21:24,806 - ('Saving checkpoint after epoch #26',)
INFO - logger.py - 2024-09-23 03:21:24,848 - ('Training epoch #27...',)
INFO - logger.py - 2024-09-23 03:22:31,032 - ('processed 50000 mini-batches...',)
INFO - logger.py - 2024-09-23 03:23:48,291 - ('processed 50500 mini-batches...',)
INFO - logger.py - 2024-09-23 03:25:05,406 - ('processed 51000 mini-batches...',)
INFO - logger.py - 2024-09-23 03:26:12,306 - ('calculating validation results after #27 epochs',)
INFO - logger.py - 2024-09-23 03:27:23,369 - ('checkpoint path: ', 'logging/202409230023_/models/weights_itr_27.ckpt')
INFO - logger.py - 2024-09-23 03:27:23,369 - ('Saving checkpoint after epoch #27',)
INFO - logger.py - 2024-09-23 03:27:23,410 - ('Training epoch #28...',)
INFO - logger.py - 2024-09-23 03:27:35,074 - ('processed 51500 mini-batches...',)
INFO - logger.py - 2024-09-23 03:28:52,338 - ('processed 52000 mini-batches...',)
INFO - logger.py - 2024-09-23 03:30:09,537 - ('processed 52500 mini-batches...',)
INFO - logger.py - 2024-09-23 03:31:26,222 - ('processed 53000 mini-batches...',)
INFO - logger.py - 2024-09-23 03:32:07,919 - ('calculating validation results after #28 epochs',)
INFO - logger.py - 2024-09-23 03:33:19,066 - ('checkpoint path: ', 'logging/202409230023_/models/weights_itr_28.ckpt')
INFO - logger.py - 2024-09-23 03:33:19,066 - ('Saving checkpoint after epoch #28',)
INFO - logger.py - 2024-09-23 03:33:19,104 - ('Training epoch #29...',)
INFO - logger.py - 2024-09-23 03:33:55,882 - ('processed 53500 mini-batches...',)
INFO - logger.py - 2024-09-23 03:35:13,046 - ('processed 54000 mini-batches...',)
INFO - logger.py - 2024-09-23 03:36:30,053 - ('processed 54500 mini-batches...',)
INFO - logger.py - 2024-09-23 03:37:49,025 - ('processed 55000 mini-batches...',)
INFO - logger.py - 2024-09-23 03:38:05,733 - ('calculating validation results after #29 epochs',)
INFO - logger.py - 2024-09-23 03:39:17,312 - ('checkpoint path: ', 'logging/202409230023_/models/weights_itr_29.ckpt')
INFO - logger.py - 2024-09-23 03:39:17,313 - ('Saving checkpoint after epoch #29',)
INFO - logger.py - 2024-09-23 03:39:17,351 - ('Training epoch #30...',)
INFO - logger.py - 2024-09-23 03:40:19,265 - ('processed 55500 mini-batches...',)
INFO - logger.py - 2024-09-23 03:41:36,158 - ('processed 56000 mini-batches...',)
INFO - logger.py - 2024-09-23 03:42:52,996 - ('processed 56500 mini-batches...',)
INFO - logger.py - 2024-09-23 03:44:01,195 - ('calculating validation results after #30 epochs',)
INFO - logger.py - 2024-09-23 03:45:12,555 - ('checkpoint path: ', 'logging/202409230023_/models/weights_itr_30.ckpt')
INFO - logger.py - 2024-09-23 03:45:12,556 - ('Saving checkpoint after epoch #30',)
INFO - logger.py - 2024-09-23 03:45:12,592 - ('Training epoch #31...',)
INFO - logger.py - 2024-09-23 03:45:22,579 - ('processed 57000 mini-batches...',)
INFO - logger.py - 2024-09-23 03:46:39,799 - ('processed 57500 mini-batches...',)
INFO - logger.py - 2024-09-23 03:47:57,028 - ('processed 58000 mini-batches...',)
INFO - logger.py - 2024-09-23 03:49:14,026 - ('processed 58500 mini-batches...',)
INFO - logger.py - 2024-09-23 03:49:57,557 - ('calculating validation results after #31 epochs',)
INFO - logger.py - 2024-09-23 03:51:08,982 - ('checkpoint path: ', 'logging/202409230023_/models/weights_itr_31.ckpt')
INFO - logger.py - 2024-09-23 03:51:08,983 - ('Saving checkpoint after epoch #31',)
INFO - logger.py - 2024-09-23 03:51:09,022 - ('Training epoch #32...',)
INFO - logger.py - 2024-09-23 03:51:44,336 - ('processed 59000 mini-batches...',)
INFO - logger.py - 2024-09-23 03:53:03,783 - ('processed 59500 mini-batches...',)
INFO - logger.py - 2024-09-23 03:54:21,161 - ('processed 60000 mini-batches...',)
INFO - logger.py - 2024-09-23 03:55:38,167 - ('processed 60500 mini-batches...',)
INFO - logger.py - 2024-09-23 03:55:56,635 - ('calculating validation results after #32 epochs',)
INFO - logger.py - 2024-09-23 03:57:08,025 - ('checkpoint path: ', 'logging/202409230023_/models/weights_itr_32.ckpt')
INFO - logger.py - 2024-09-23 03:57:08,025 - ('Saving checkpoint after epoch #32',)
INFO - logger.py - 2024-09-23 03:57:08,063 - ('Training epoch #33...',)
INFO - logger.py - 2024-09-23 03:58:08,171 - ('processed 61000 mini-batches...',)
INFO - logger.py - 2024-09-23 03:59:25,133 - ('processed 61500 mini-batches...',)
INFO - logger.py - 2024-09-23 04:00:42,155 - ('processed 62000 mini-batches...',)
INFO - logger.py - 2024-09-23 04:01:52,434 - ('calculating validation results after #33 epochs',)
INFO - logger.py - 2024-09-23 04:03:03,719 - ('checkpoint path: ', 'logging/202409230023_/models/weights_itr_33.ckpt')
INFO - logger.py - 2024-09-23 04:03:03,720 - ('Saving checkpoint after epoch #33',)
INFO - logger.py - 2024-09-23 04:03:03,760 - ('Training epoch #34...',)
INFO - logger.py - 2024-09-23 04:03:12,050 - ('processed 62500 mini-batches...',)
INFO - logger.py - 2024-09-23 04:04:29,613 - ('processed 63000 mini-batches...',)
INFO - logger.py - 2024-09-23 04:05:46,815 - ('processed 63500 mini-batches...',)
INFO - logger.py - 2024-09-23 04:07:03,951 - ('processed 64000 mini-batches...',)
INFO - logger.py - 2024-09-23 04:07:51,770 - ('calculating validation results after #34 epochs',)
INFO - logger.py - 2024-09-23 04:09:03,160 - ('checkpoint path: ', 'logging/202409230023_/models/weights_itr_34.ckpt')
INFO - logger.py - 2024-09-23 04:09:03,160 - ('Saving checkpoint after epoch #34',)
INFO - logger.py - 2024-09-23 04:09:03,197 - ('Training epoch #35...',)
INFO - logger.py - 2024-09-23 04:09:36,822 - ('processed 64500 mini-batches...',)
INFO - logger.py - 2024-09-23 04:10:54,113 - ('processed 65000 mini-batches...',)
INFO - logger.py - 2024-09-23 04:12:11,234 - ('processed 65500 mini-batches...',)
INFO - logger.py - 2024-09-23 04:13:28,446 - ('processed 66000 mini-batches...',)
INFO - logger.py - 2024-09-23 04:13:48,449 - ('calculating validation results after #35 epochs',)
INFO - logger.py - 2024-09-23 04:14:59,864 - ('checkpoint path: ', 'logging/202409230023_/models/weights_itr_35.ckpt')
INFO - logger.py - 2024-09-23 04:14:59,865 - ('Saving checkpoint after epoch #35',)
INFO - logger.py - 2024-09-23 04:14:59,905 - ('Training epoch #36...',)
INFO - logger.py - 2024-09-23 04:15:58,641 - ('processed 66500 mini-batches...',)
INFO - logger.py - 2024-09-23 04:17:15,924 - ('processed 67000 mini-batches...',)
INFO - logger.py - 2024-09-23 04:18:33,399 - ('processed 67500 mini-batches...',)
INFO - logger.py - 2024-09-23 04:19:45,447 - ('calculating validation results after #36 epochs',)
INFO - logger.py - 2024-09-23 04:20:56,636 - ('checkpoint path: ', 'logging/202409230023_/models/weights_itr_36.ckpt')
INFO - logger.py - 2024-09-23 04:20:56,637 - ('Saving checkpoint after epoch #36',)
INFO - logger.py - 2024-09-23 04:20:56,675 - ('Training epoch #37...',)
INFO - logger.py - 2024-09-23 04:21:03,213 - ('processed 68000 mini-batches...',)
INFO - logger.py - 2024-09-23 04:22:20,548 - ('processed 68500 mini-batches...',)
INFO - logger.py - 2024-09-23 04:23:40,281 - ('processed 69000 mini-batches...',)
INFO - logger.py - 2024-09-23 04:24:57,180 - ('processed 69500 mini-batches...',)
INFO - logger.py - 2024-09-23 04:25:43,981 - ('calculating validation results after #37 epochs',)
INFO - logger.py - 2024-09-23 04:26:55,305 - ('checkpoint path: ', 'logging/202409230023_/models/weights_itr_37.ckpt')
INFO - logger.py - 2024-09-23 04:26:55,305 - ('Saving checkpoint after epoch #37',)
INFO - logger.py - 2024-09-23 04:26:55,343 - ('Training epoch #38...',)
INFO - logger.py - 2024-09-23 04:27:27,228 - ('processed 70000 mini-batches...',)
INFO - logger.py - 2024-09-23 04:28:44,501 - ('processed 70500 mini-batches...',)
INFO - logger.py - 2024-09-23 04:30:01,409 - ('processed 71000 mini-batches...',)
INFO - logger.py - 2024-09-23 04:31:18,394 - ('processed 71500 mini-batches...',)
INFO - logger.py - 2024-09-23 04:31:40,250 - ('calculating validation results after #38 epochs',)
INFO - logger.py - 2024-09-23 04:32:51,440 - ('checkpoint path: ', 'logging/202409230023_/models/weights_itr_38.ckpt')
INFO - logger.py - 2024-09-23 04:32:51,441 - ('Saving checkpoint after epoch #38',)
INFO - logger.py - 2024-09-23 04:32:51,479 - ('Training epoch #39...',)
INFO - logger.py - 2024-09-23 04:33:48,680 - ('processed 72000 mini-batches...',)
INFO - logger.py - 2024-09-23 04:35:05,991 - ('processed 72500 mini-batches...',)
INFO - logger.py - 2024-09-23 04:36:23,297 - ('processed 73000 mini-batches...',)
INFO - logger.py - 2024-09-23 04:37:37,302 - ('calculating validation results after #39 epochs',)
INFO - logger.py - 2024-09-23 04:38:51,052 - ('checkpoint path: ', 'logging/202409230023_/models/weights_itr_39.ckpt')
INFO - logger.py - 2024-09-23 04:38:51,053 - ('Saving checkpoint after epoch #39',)
INFO - logger.py - 2024-09-23 04:38:51,089 - ('Training epoch #40...',)
INFO - logger.py - 2024-09-23 04:38:55,986 - ('processed 73500 mini-batches...',)
INFO - logger.py - 2024-09-23 04:40:13,182 - ('processed 74000 mini-batches...',)
INFO - logger.py - 2024-09-23 04:41:30,361 - ('processed 74500 mini-batches...',)
INFO - logger.py - 2024-09-23 04:42:47,393 - ('processed 75000 mini-batches...',)
INFO - logger.py - 2024-09-23 04:43:36,004 - ('calculating validation results after #40 epochs',)
INFO - logger.py - 2024-09-23 04:44:47,312 - ('checkpoint path: ', 'logging/202409230023_/models/weights_itr_40.ckpt')
INFO - logger.py - 2024-09-23 04:44:47,313 - ('Saving checkpoint after epoch #40',)
INFO - logger.py - 2024-09-23 04:44:47,351 - ('Training epoch #41...',)
INFO - logger.py - 2024-09-23 04:45:17,440 - ('processed 75500 mini-batches...',)
INFO - logger.py - 2024-09-23 04:46:34,639 - ('processed 76000 mini-batches...',)
INFO - logger.py - 2024-09-23 04:47:51,774 - ('processed 76500 mini-batches...',)
INFO - logger.py - 2024-09-23 04:49:08,854 - ('processed 77000 mini-batches...',)
INFO - logger.py - 2024-09-23 04:49:32,512 - ('calculating validation results after #41 epochs',)
INFO - logger.py - 2024-09-23 04:50:44,027 - ('checkpoint path: ', 'logging/202409230023_/models/weights_itr_41.ckpt')
INFO - logger.py - 2024-09-23 04:50:44,028 - ('Saving checkpoint after epoch #41',)
INFO - logger.py - 2024-09-23 04:50:44,068 - ('Training epoch #42...',)
INFO - logger.py - 2024-09-23 04:51:39,138 - ('processed 77500 mini-batches...',)
INFO - logger.py - 2024-09-23 04:52:56,562 - ('processed 78000 mini-batches...',)
INFO - logger.py - 2024-09-23 04:54:15,799 - ('processed 78500 mini-batches...',)
INFO - logger.py - 2024-09-23 04:55:30,949 - ('calculating validation results after #42 epochs',)
INFO - logger.py - 2024-09-23 04:56:41,911 - ('checkpoint path: ', 'logging/202409230023_/models/weights_itr_42.ckpt')
INFO - logger.py - 2024-09-23 04:56:41,912 - ('Saving checkpoint after epoch #42',)
INFO - logger.py - 2024-09-23 04:56:41,951 - ('Training epoch #43...',)
INFO - logger.py - 2024-09-23 04:56:45,200 - ('processed 79000 mini-batches...',)
INFO - logger.py - 2024-09-23 04:58:03,059 - ('processed 79500 mini-batches...',)
INFO - logger.py - 2024-09-23 04:59:24,200 - ('processed 80000 mini-batches...',)
INFO - logger.py - 2024-09-23 05:00:41,018 - ('processed 80500 mini-batches...',)
INFO - logger.py - 2024-09-23 05:01:30,956 - ('calculating validation results after #43 epochs',)
INFO - logger.py - 2024-09-23 05:02:42,917 - ('checkpoint path: ', 'logging/202409230023_/models/weights_itr_43.ckpt')
INFO - logger.py - 2024-09-23 05:02:42,918 - ('Saving checkpoint after epoch #43',)
INFO - logger.py - 2024-09-23 05:02:42,958 - ('Training epoch #44...',)
INFO - logger.py - 2024-09-23 05:03:11,157 - ('processed 81000 mini-batches...',)
INFO - logger.py - 2024-09-23 05:04:28,521 - ('processed 81500 mini-batches...',)
INFO - logger.py - 2024-09-23 05:05:45,694 - ('processed 82000 mini-batches...',)
INFO - logger.py - 2024-09-23 05:07:03,203 - ('processed 82500 mini-batches...',)
INFO - logger.py - 2024-09-23 05:07:28,341 - ('calculating validation results after #44 epochs',)
INFO - logger.py - 2024-09-23 05:08:42,397 - ('checkpoint path: ', 'logging/202409230023_/models/weights_itr_44.ckpt')
INFO - logger.py - 2024-09-23 05:08:42,397 - ('Saving checkpoint after epoch #44',)
INFO - logger.py - 2024-09-23 05:08:42,435 - ('Training epoch #45...',)
INFO - logger.py - 2024-09-23 05:09:36,075 - ('processed 83000 mini-batches...',)
INFO - logger.py - 2024-09-23 05:10:53,602 - ('processed 83500 mini-batches...',)
INFO - logger.py - 2024-09-23 05:12:10,890 - ('processed 84000 mini-batches...',)
INFO - logger.py - 2024-09-23 05:13:27,979 - ('processed 84500 mini-batches...',)
INFO - logger.py - 2024-09-23 05:13:28,168 - ('calculating validation results after #45 epochs',)
INFO - logger.py - 2024-09-23 05:14:39,493 - ('checkpoint path: ', 'logging/202409230023_/models/weights_itr_45.ckpt')
INFO - logger.py - 2024-09-23 05:14:39,493 - ('Saving checkpoint after epoch #45',)
INFO - logger.py - 2024-09-23 05:14:39,532 - ('Training epoch #46...',)
INFO - logger.py - 2024-09-23 05:15:58,405 - ('processed 85000 mini-batches...',)
INFO - logger.py - 2024-09-23 05:17:15,666 - ('processed 85500 mini-batches...',)
INFO - logger.py - 2024-09-23 05:18:32,872 - ('processed 86000 mini-batches...',)
INFO - logger.py - 2024-09-23 05:19:24,883 - ('calculating validation results after #46 epochs',)
INFO - logger.py - 2024-09-23 05:20:36,406 - ('checkpoint path: ', 'logging/202409230023_/models/weights_itr_46.ckpt')
INFO - logger.py - 2024-09-23 05:20:36,406 - ('Saving checkpoint after epoch #46',)
INFO - logger.py - 2024-09-23 05:20:36,445 - ('Training epoch #47...',)
INFO - logger.py - 2024-09-23 05:21:03,227 - ('processed 86500 mini-batches...',)
INFO - logger.py - 2024-09-23 05:22:20,638 - ('processed 87000 mini-batches...',)
INFO - logger.py - 2024-09-23 05:23:40,266 - ('processed 87500 mini-batches...',)
INFO - logger.py - 2024-09-23 05:24:57,716 - ('processed 88000 mini-batches...',)
INFO - logger.py - 2024-09-23 05:25:24,381 - ('calculating validation results after #47 epochs',)
INFO - logger.py - 2024-09-23 05:26:35,733 - ('checkpoint path: ', 'logging/202409230023_/models/weights_itr_47.ckpt')
INFO - logger.py - 2024-09-23 05:26:35,734 - ('Saving checkpoint after epoch #47',)
INFO - logger.py - 2024-09-23 05:26:35,772 - ('Training epoch #48...',)
INFO - logger.py - 2024-09-23 05:27:27,606 - ('processed 88500 mini-batches...',)
INFO - logger.py - 2024-09-23 05:28:44,819 - ('processed 89000 mini-batches...',)
INFO - logger.py - 2024-09-23 05:30:01,845 - ('processed 89500 mini-batches...',)
INFO - logger.py - 2024-09-23 05:31:18,739 - ('processed 90000 mini-batches...',)
INFO - logger.py - 2024-09-23 05:31:20,488 - ('calculating validation results after #48 epochs',)
INFO - logger.py - 2024-09-23 05:32:31,647 - ('checkpoint path: ', 'logging/202409230023_/models/weights_itr_48.ckpt')
INFO - logger.py - 2024-09-23 05:32:31,648 - ('Saving checkpoint after epoch #48',)
INFO - logger.py - 2024-09-23 05:32:31,688 - ('Training epoch #49...',)
INFO - logger.py - 2024-09-23 05:33:48,378 - ('processed 90500 mini-batches...',)
INFO - logger.py - 2024-09-23 05:35:05,143 - ('processed 91000 mini-batches...',)
INFO - logger.py - 2024-09-23 05:36:22,015 - ('processed 91500 mini-batches...',)
INFO - logger.py - 2024-09-23 05:37:15,774 - ('calculating validation results after #49 epochs',)
INFO - logger.py - 2024-09-23 05:38:29,234 - ('checkpoint path: ', 'logging/202409230023_/models/weights_itr_49.ckpt')
INFO - logger.py - 2024-09-23 05:38:29,235 - ('Saving checkpoint after epoch #49',)
